[   0.000000] Linux version 4.15.0-42-generic (buildd@lgw01-amd64-023) cc veion 7.3.0 (Ubuntu 7.3.0-16ubuntu3)) #45-Ubuntu SMP Thu Nov 15 19:32:57 UTC 2018 (Ubuntu 4.15.0-42.45-generic 4.15.18)
[  0.000000] Coand line: BOOT_IMAGE=/boot/vmlinuz-4.15.0-42-generic root=UUID=c6d2dafd-4d64-4ed6-b120-8dae69a7f1ca ro console=tty1 console=ttyS0
[    0.000000] KERNEL supported cpus:
[    0.000000]   Intel GenuineIntel
[    0.000000]   AMD AuthenticAMD
[    0.000000]   Centaur CentaurHauls
[    0.000000] 6/fpu: Supporting XSAVE feature 0x001: 'x87 floating point registers'
[   0.000000] x86/fpu: Supporting XSAVE feature 0x002: SE registers'
[    0.000000] x86/fpu: Supporting XSAVE feature 0x004: 'AVX registers'
[  0.000000] x86/fpu: xstate_offset[2]:  576, xstate_sizes[2]:  256
[  0.000000]x86/fpu: Enabled xstate features 0x7, context size is 832 bytes, using 'standard' format.
[    0.000000] e820: BIOS-provided physical RAM mp:
[  0.000000] BIOS-e820: [mem 0x0000000000000000-0x000000000009fbff] usable
[    0.000000] BIOS-e820: [mem 0x000000000009fc00-0x000000000009ffff] reserved
[    0.000000] BIOS-e820: [mem 0x00000000000f0000-0x00000000000fffff] reserved
[  0.000000] BS-e820: [mem 0x0000000000100000-0x000000003ffeffff] usable
[    0.000000] BIOS-e820: [mem 0x000000003fff0000-0x000000003fffffff] ACPI data
[    0.000000] BIOS-e820: [mem 0x00000000fec00000-0x00000000fec00fff] reserved
[    0.000000] BIOS-e820: [mem 0x00000000fee00000-0x00000000fee00fff] reserved
[    0.000000] BIOS-e820: [mem 0x00000000fffc0000-0x00000000ffffffff] reserved
[    0.000000] NX (Execute Disable) protection: active
[    0.000000] SMBIOS 2.5 present.
[    0.000000] DMI: innotek GmbH VirtualBox/VirtualBox, BIOS VirtualBox 12/01/2006
[    0.000000] Hypervisor detected: KVM
[    0.000000] e820: last_pfn = 0x3fff0 max_arch_pfn = 0x400000000
[    0.000000] MTRR: Disabled
[    0.000000] x86/PAT: MTRRs disabled, skipping PAT initialization too.
[    0.000000] CPU MTRRs all blank - virtualized system.
[    0.000000] x86/PAT: Configuration [0-7]: WB  WT  UC- UC  WB  WT  UC- UC 
[    0.000000] found SMP MP-table at [mem 0x0009fff0-0x0009ffff] mapped at [        (ptrval)]
[    0.000000] Scanning 1 areas for low memory corruption
[    0.000000] RAMDISK: [mem 0x359d7000-0x36ce2fff]
[    0.000000] ACPI: Early table checksum verification sabled
[  0.0000] ACPI: RSDP 0x00000000000E0000 000024 (v02 VBOX  )
[  0.000000] ACPI: XSDT 0x000000003FFF0030 00003C (v01 VBOX   VBOXXSDT 00000001 ASL  00000061)
[  0.000000] ACPI: FACP 0x000000003FFF00F0 0000F4 (v04 VBOX   VBOXFACP 00000001 ASL  00000061)
[    0.000000] ACPI: DSDT 0x000000003FFF0470 0021FF (v02 VBOX   VBOXBIOS 00000002 INTL 201028)
   0.000000] ACPI: FACS 0x000000003FFF0200 000040
[  0.000000] ACPI: FACS 0x000000003FFF0200 000040
[  0.000000] ACPI: APIC 0x000000003FFF0240 00005C (v02 VBOX   VBOXAPIC 00000001 ASL  00000061)
[    0.000000] ACPI: SSDT 0x000000003FFF02A0 0001CC (v01 VBOX   VBOXCPUT 00000002 INTL 20100528)
[    0.000000] No NUMA configuration found
[    0.000000] Faking a node at [mem 0x0000000000000000-0x000000003ffeffff]
[    0.000000] NODE_DATA(0) allocated [mem 0x3ffc5000-0x3ffeffff]
[    0.000000] kvm-clock: cpu 0, msr 0:3ff44001, primary cpu clock
[    0.000000] kvm-clock: Using msrs 4b564d01 and 4b564d00
[    0.000000] kvm-clock: using sched offset of 4446700500 cycles
[    0.000000] clocksource: kvm-clock: mask: 0xffffffffffffffff max_cycles: 0x1cd42e4dffb, max_idle_ns: 881590591483 ns
[    0.000000] Zone ranges:
[    0.000000]   DMA      [mem 0x0000000000001000-0x0000000000ffffff]
[    0.000000]   DMA32    [mem 0x0000000001000000-0x000000003ffeffff]
[    0.000000]   Norma   empty
[  0.000000]   Device   empty
[    0.000000] Movable zone start for each node
[    0.000000] Early memory node ranges
[    0.000000]   node   0: [mem 0x0000000000001000-0x000000000009efff]
[    0.000000]   node   0: [mem 0x0000000000100000-0x000000003ffeffff]
[    0.000000] Initmem setup node 0 [mem 0x0000000000001000-0x000000003feffff]
[   0.0000] Reserved but unavailable: 98 pages
[    0.000000] ACPI: PM-Timer IO Port: 0x4008
[    0.000000] IOAPIC[0]: apic_id2, version 32, address 0xfec00000, GSI 0-23
[    0.000000] ACPI: INT_SRC_OVR (bus 0 bus_irq 0 global_irq 2 dfl dfl)
[    0.000000] ACPI: INT_SRC_OVR (bus 0 bus_irq 9 global_irq 9 low level)
[    0.000000] Using ACPI (MADT) for SMP configuration information
[    0.000000] smpboot: Allowing 2 CPUs, 0 hotplug CPUs
[    0.000000] PM: Registered nosave meory: [mem 0x00000000-0x00000fff]
[    0.000000] PM: Registered nosave memory: [mem 0x0009f000-0x0009ffff]
[    0.00000] PM: Registered nosave memory: [mem 0x000a0000-0x000effff]
[    0.000000] PM: Registered nosave memory: [mem 0x000f0000-0x000fffff]
[    0.000000] e820: [mem 0x40000000-0xfebffff] available for PCI devices
[    0.000000] Booting paravirtualized kernel on KVM
[    0.000000] clocksource: refined-jiffies: mask: 0xffffffff max_cycles: 0xffffffff, max_idle_ns: 7645519600211568 ns
[    0.000000] random: get_random_bytes called from start_kernel+0x99/0x4fd with crng_init=0
[    0.000000] setup_percpu: NR_CPUS:8192 nr_cpumask_bits:2 nr_cpu_ids:2 nr_node_ids:1
[    0.000000] percpu: Embedded 46 pages/cpu @        (ptrval) s151552 r8192 d28672 u1048576
[    0.000000] PV qspinlock hash table entries: 256 (order: 0, 4096 bytes)
[    0.000000] Built 1 zonelists, mobility grouping on.  Total pages: 257913
[    0.000000] Policy zone: DMA32
[    0.000000] Kernel command line: BOOT_IMAGE=/boot/vmlinuz-4.15.0-42-generic root=UUID=c6d2dafd-4d64-4ed6-b120-8dae69a7f1ca ro console=tty1 console=ttyS0
[    0.000000] Memory: 983080K/1048120K available (12300K kernel code, 2472K rwdata, 4252K rodata, 2408K init, 2416K bss, 65040K reserved, 0K cma-reserved)
[    0.000000] SLUB: HWalign=64, Order=0-3, MinObjects=0, CPUs=2, Nodes=1
[    0.000000] Kernel/User page tables isolation: enabled
[    0.000000] ftrace: allocating 39186 entries in 154 pages
[    0.004000] Hierarchical RCU implementation.
[    0.004000] 	RCU restricting CPUs from NR_CPUS=8192 to nr_cpu_ids=2.
[    0.004000] 	Tasks RCU enabled.
[    0.004000] RCU: Adjusting geometry for rcu_fanout_leaf=16, nr_cpu_ids=2
[    0.004000] NR_IRQS: 524544, nr_irqs: 440, preallocated irqs: 16
[    0.004000] Console: colour VGA+ 80x25
[    0.004000] consol [tty1] enabled
[    0.004000] console [ttyS0] enabled
[    0.004000] ACPI: Core revision 20170831
[    0.004000] ACPI: 2 ACPI AML tables successfully acquired and loaded
[    0.004000] APIC: Switch to symmetric I/O mode setup
[    0.004000] x2apic enabled
[    0.004000] Switched APIC routing to physical x2apic.
[    0004895] ..TIMER: vector=0x30 apic1=0 pin1=2 apic2=-1 pin2=-1
[    0.008010] tsc: Detected 3292.536 MHz processor
[    0.012015] Calibrating delay loop (skipped) preset value.. 6585.07 BogoMIPS (lpj=13170144)
[    0.016010] pid_max: default: 32768 minimum: 301
[    0.017432] Security Framework initialized
[    0.020010] Yama: becoming mindful.
[    0.021098] AppArmor: AppArmor initialized
[    0.024033] Dentry cache hash table entries: 131072 (order: 8, 1048576 bytes)
[    0.025998] Inode-cache hash table entries: 65536 (order: 7, 524288 bytes)
[    0.028039] Mount-cache hash table entries: 2048 (order: 2, 16384 bytes)
[    0.030642] Mountpoint-cache hash table entries: 2048 (order: 2, 16384 bytes)
[    0.036250] mce: CPU supports 0 MCE banks
[    0.037378] Last level iTLB entries: 4KB 512, 2MB 8, 4MB 8
[    0.038836] Last level dTLB entries: 4KB 512, 2MB 32, 4MB 32, 1GB 0
[    0.040008] Spectre V2 : Mitigation: Full generic retpoline
[    0.041449] Spectre V2 : Spectre v2 / SpectreRSB mitigation: Filling RSB on context switch
[    0.043679] Speculative Store Bypass: Vulnerable
[    0.044152] Freeing SMP alternatives memory: 36K
[    0.052000] APIC calibration not consistent with PM-Timer: 98ms instead of 100ms
[    0.052000] APIC delta adjusted to PM-Timer: 6243040 (6158191)
[    0.052000] smpboot: CPU0: Intel(R) Core(TM) i3-2120 CPU @ 3.30GHz (family: 0x6, model: 0x2a, stepping: 0x7)
[    0.052000] Performance Events: unsupported p6 CPU model 42 no PMU driver, software events only.
[    0.052052] Hierarchical SRCU implementation.
[    0.053358] NMI watchdog: Perf event create on CPU 0 failed with -2
[    0.054491] NMI watchdog: Perf NMI watchdog permanently disabled
[    0.056068] smp: Bringing up secondary CPUs ...
[    0.057115] x86: Booting SMP configuration:
[    0.057972] .... node  #0, CPUs:      #1
[    0.004000] kvm-clock: cpu 1, msr 0:3ff44041, secondary cpu clock
[    0.004000] mce: CPU supports 0 MCE banks
[    0.067778] smp: Brought up 1 node, 2 CPUs
[    0.068009] smpboot: Max logical packages: 1
[    0.068758] smpboot: Total of 2 processors activated (13170.14 BogoMIPS)
[    0.070029] devtmpfs: initialized
[    0.070029] x86/mm: Memory block size: 128MB
[    0.072143] evm: security.selinux
[    0.072756] evm: security.SMACK64
[    0.073353] evm: security.SMACK64EXEC
[    0.074004] evm: security.SMACK64TRANSMUTE
[    0.076007] evm: security.SMACK64MMAP
[    0.076680] evm: security.apparmor
[    0.077290] evm: security.ima
[    0.077883] evm: security.capability
[    0.080136] clocksource: jiffies: mask: 0xffffffff max_cycles: 0xffffffff, max_idle_ns: 7645041785100000 ns
[    0.084021] futex hash table entries: 512 (order: 3, 32768 bytes)
[    0.085096] pinctrl core: initialized pinctrl subsystem
[    0.088025] RTC time: 13:29:29, date: 12/06/18
[    0.089016] NET: Registered protocol family 16
[    0.089896] audit: initializing netlink subsys (disabled)
[    0.090846] audit: type=2000 audit(1544102973.198:1): state=initialized audit_enabled=0 res=1
[    0.092014] cpuidle: using governor ladder
[    0.096020] cpuidle: using governor menu
[    0.096801] ACPI: bus type PCI registered
[    0.100013] acpiphp: ACPI Hot Plug PCI Controller Driver version: 0.5
[    0.101862] PCI: Using configuration type 1 for base access
[    0.105203] HugeTLB registered 2.00 MiB page size, pre-allocated 0 pages
[    0.108163] ACPI: Added _OSI(Module Device)
[    0.109215] ACPI: Added _OSI(Processor Device)
[    0.112017] ACPI: Added _OSI(3.0 _SCP Extensions)
[    0.112919] ACPI: Added _OSI(Processor Aggregator Device)
[    0.116020] ACPI: Added _OSI(Linux-Dell-Video)
[    0.116823] ACPI: Added _OSI(Linux-Lenovo-NV-HDMI-Audio)
[    0.118043] ACPI: Executed 1 blocks of module-level executable AML code
[    0.125475] ACPI: Interpreter enabled
[    0.128018] ACPI: (supports S0 S5)
[    0.128677] ACPI: Using IOAPIC for interrupt routing
[    0.129776] PCI: Using host bridge windows from ACPI; if necessary, use "pci=nocrs" and report a bug
[    0.132174] ACPI: Enabled 2 GPEs in block 00 to 07
[    0.140214] ACPI: PCI Root Bridge [PCI0] (domain 0000 [bus 00-ff])
[    0.148020] acpi PNP0A03:00: _OSC: OS supports [ASPM ClockPM Segments MSI]
[    0.149213] acpi PNP0A03:00: _OSC: not requesting OS control; OS requires [ExtendedConfig ASPM ClockPM MSI]
[    0.152028] acpi PNP0A03:00: fail to add MMCONFIG information, can't access extended PCI configuration space under this bridge.
[    0.160174] PCI host bridge to bus 0000:00
[    0.160900] pci_bus 0000:00: root bus resource [io  0x0000-0x0cf7 window]
[    0.162125] pci_bus 0000:00: root bus resource [io  0x0d00-0xffff window]
[    0.164007] pci_bus 0000:00: root bus resource [mem 0x000a0000-0x000bffff window]
[    0.168009] pci_bus 0000:00: root bus resource [mem 0x40000000-0xfdffffff window]
[    0.169286] pci_bus 0000:00: root bus resource [bus 00-ff]
[    0.173612] pci 0000:00:01.1: legacy IDE quirk: reg 0x10: [io  0x01f0-0x01f7]
[    0.174965] pci 0000:00:01.1: legacy IDE quirk: reg 0x14: [io  0x03f6]
[    0.176000] pci 0000:00:01.1: legacy IDE quirk: reg 0x18: [io  0x0170-0x0177]
[    0.176007] pci 0000:00:01.1: legacy IDE quirk: reg 0x1c: [io  0x0376]
[    0.201040] pci 0000:00:07.0: quirk: [io  0x4000-0x403f] claimed by PIIX4 ACPI
[    0.202504] pci 0000:00:07.0: quirk: [io  0x4100-0x410f] claimed by PIIX4 SMB
[    0.214279] ACPI: PCI Interrupt Link [LNKA] (IRQs 5 9 10 *11)
[    0.215732] ACPI: PCI Interrupt Link [LNKB] (IRQs 5 9 *10 11)
[    0.216147] ACPI: PCI Interrupt Link [LNKC] (IRQs 5 *9 10 11)
[    0.217362] ACPI: PCI Interrupt Link [LNKD] (IRQs 5 9 10 *11)
[    0.219191] SCSI subsystem initialized
[    0.220063] pci 0000:00:02.0: vgaarb: setting as boot VGA device
[    0.221110] pci 0000:00:02.0: vgaarb: VGA device added: decodes=io+mem,owns=io+mem,locks=none
[    0.222992] pci 0000:00:02.0: vgaarb: bridge control possible
[    0.224007] vgaarb: loaded
[    0.228059] ACPI: bus type USB registered
[    0.232031] usbcore: registered new interface driver usbfs
[    0.236035] usbcore: registered new interface driver hub
[    0.237265] usbcore: registered new device driver usb
[    0.240078] EDAC MC: Ver: 3.0.0
[    0.240842] PCI: Using ACPI for IRQ routing
[    0.241084] NetLabel: Initializing
[    0.241722] NetLabel:  domain hash size = 128
[    0.242516] NetLabel:  protocols = UNLABELED CIPSOv4 CALIPSO
[    0.244021] NetLabel:  unlabeled traffic allowed by default
[    0.245016] clocksource: Switched to clocksource kvm-clock
[    0.258458] VFS: Disk quotas dquot_6.6.0
[    0.259275] VFS: Dquot-cache hash table entries: 512 (order 0, 4096 bytes)
[  026067 AArr: AppArmor Filesystem Enabled
[    0.495101] pnp: PnP ACPI init
[    0.496770] pnp: PnP ACPI: found 3 devices

[    0.507786] clocksource: acpi_pm: mask: 0xffffff max_cycles: 0xffffff, max_idle_ns: 2085701024 ns
[    0.509452] NET: Registered protocol family 2
[    0.511687] TCP established hash table entries: 8192 (order: 4, 65536 byt)    0.588159] TCP bind hash table entries: 8192 (order: 5, 131072 bytes)
[   0.640071] TCP: Hash tables configured (established 8192 bind 8192)
[    0.665339] UDP hash table entries: 512 (order: 2, 16384 bytes)
[    0.666353] UDP-Lite hash table entries: 512 (ord: 2, 16384 bytes)
[    0.721189] NET: Registered protocol family 1
[  0223] pci 0000:00:00.0: Limiting direct PCI/PCI transfers
[    0.873316] pci 0000:00:01.0: Activating ISA DMA hang workarounds
[    0.874869] pci 0000:00:02.0: Video device with shadowed ROM at [mem 0x000c0000-0x000dffff]

[    0.877160] Unpacking initramfs...
[    1.171664] Freeing initrd memory: 19504K
[    1.172729] platform rtc_cmos: registered platform RTC device (no PNP device found)
[    1.174187] Scanning for low memory corruption every 60 seconds
[    1.182755] Initialise system trusted keyrings
[    1.190937] Key type blacklist registered
[    1.191824] workingset: timestamp_bits=36 max_order=18 bucket_order=0
[    1.213621] zbud: loaded
[    1.222232] squashfs: version 4.0 (2009/01/31) Phillip Lougher
[    1.223727] fuse init (API version 7.26)
[    1.228128] Key type asymmetric registered
[    1.234653] Asymmetric key parser 'x509' registered
[    1.235584] Block layer SCSI generic (bsg) driver version 0.4 loaded (major 246)
[    1.246055] io scheduler noop registered
[    1.246820] io scheduler deadline registered
[    1.259956] io scheduler cfq registered (default)
[    1.261276] ACPI: AC Adapter [AC] (on-line)
[    1.268891] input: Power Button as /devices/LNXSYSTM:00/LNXPWRBN:00/input/input0
[    1.270223] ACPI: Power Button [PWRF]
[    1.270980] input: Sleep Button as /devices/LNXSYSTM:00/LNXSLPBN:00/input/input1
[    1.272346] ACPI: Sleep Button [SLPF]
[    1.273376] Serial: 8250/16550 driver, 32 ports, IRQ sharing enabled
[    1.297213] 00:02: ttyS0 at I/O 0x3f8 (irq = 4, base_baud = 115200) is a 16550A
[    1.323879] Linux agpgart interface v0.103
[    1.332970] loop: module loaded
[    1.348491] scsi host0: ata_piix
[    1.349311] scsi host1: ata_piix
[    1.349939] ata1: PATA max UDMA/33 cmd 0x1f0 ctl 0x3f6 bmdma 0xd000 irq 14
[    1.366649] ata2: PATA max UDMA/33 cmd 0x170 ctl 0x376 bmdma 0xd008 irq 15
[    1.368208] libphy: Fixed MDIO Bus: probed
[    1.368977] tun: Universal TUN/TAP device driver, 1.6
[    1.369878] PPP generic driver version 2.4.2
[    1.370702] ehci_hcd: USB 2.0 'Enhanced' Host Controller (EHCI) Driver
[    1.371810] ehci-pci: EHCI PCI platform driver
[    1.372663] ehci-platform: EHCI generic platform driver
[    1.373565] ohci_hcd: USB 1.1 'Open' Host Controller (OHCI) Driver
[    1.375062] ohci-pci: OHCI PCI platform driver
[    1.382167] ohci-platform: OHCI generic platform driver
[    1.383163] uhci_hcd: USB Universal Host Controller Interface driver
[    1.384293] i8042: PNP: PS/2 Controller [PNP0303:PS2K,PNP0f03:PS2M] at 0x60,0x64 irq 1,12
[    1.386147] serio: i8042 KBD port at 0x60,0x64 irq 1
[    1.387090] serio: i8042 AUX port at 0x60,0x64 irq 12
[    1.415581] mousedev: PS/2 mouse device common for all mice
[    1.417264] input: AT Translated Set 2 keyboard as /devices/platform/i8042/serio0/input/input2
[    1.418902] rtc_cmos rtc_cmos: rtc core: registered rtc_cmos as rtc0
[    1.420034] rtc_cmos rtc_cmos: alarms up to one day, 114 bytes nvram
[    1.421409] i2c /dev entries driver
[    1.422222] pcie_mp2_amd: AMD(R) PCI-E MP2 Communication Driver Version: 1.0
[    1.439496] device-mapper: uevent: version 1.0.3
[    1.447825] device-mapper: ioctl: 4.37.0-ioctl (2017-09-20) initialised: dm-devel@redhat.com
[    1.471816] ledtrig-cpu: registered to indicate activity on CPUs
[    1.487534] NET: Registered protocol family 10
[    1.513357] Segment Routing with IPv6
[    1.527931] NET: Registered protocol family 17
[    1.529195] Key type dns_resolver registered
[    1.530612] RAS: Correctable Errors collector initialized.
[    1.532242] sched_clock: Marking stable (1532206625, 0)->(3725310520, -2193103895)
[    1.534765] registered taskstats version 1
[    1.535966] Loading compiled-in X.509 certificates
[    1.546854] Loaded X.509 cert 'Build time autogenerated kernel key: 1663f0131deec003b89e364b3e1eacfdeb38eccf'
[    1.549277] zswap: loaded using pool lzo/zbud
[    1.554634] Key type big_key registered
[    1.555391] Key type trusted registered
[    1.564685] Key type encrypted registered
[    1.565486] AppArmor: AppArmor sha1 policy hashing enabled
[    1.572933] ima: No TPM chip found, activating TPM-bypass! (rc=-19)
[    1.573983] ima: Allocated hash algorithm: sha1
[    1.574820] evm: HMAC attrs: 0x1
[    1.575686]   Magic number: 14:790:482
[    1.576431] ata_device dev1.1: hash matches
[    1.577249]  dev1.1: hash matches
[    1.577936] rtc_cmos rtc_cmos: setting system clock to 2018-12-06 13:29:31 UTC (1544102971)
[    1.579546] BIOS EDD facility v0.16 2004-Jun-25, 0 devices found
[    1.580604] EDD information not available.
[    1.583818] Freeing unused kernel memory: 2408K
[    1.600549] Write protecting the kernel read-only data: 20480k
[    1.613973] Freeing unused kernel memory: 2008K
[    1.618406] Freeing unused kernel memory: 1892K
[    1.632352] x86/mm: Checked W+X mappings: passed, no W+X pages found.
[    1.637087] x86/mm: Checking user space page tables
[    1.643589] x86/mm: Checked W+X mappings: passed, no W+X pages found.
Loading, please wait...
starting version 237
[    1.811350] e1000: Intel(R) PRO/1000 Network Driver - version 7.3.21-k8-NAPI
[    1.812733] e1000: Copyright (c) 1999-2006 Intel Corporation.
[    1.848408] Fusion MPT base driver 3.04.20
[    1.856049] Copyright (c) 1999-2008 LSI Corporation
[    1.897661] Fusion MPT SPI Host driver 3.04.20
[    2.047671] input: ImExPS/2 Generic Explorer Mouse as /devices/platform/i8042/serio1/input/input4
[    2.176158] tsc: Refined TSC clocksource calibration: 3292.416 MHz
[    2.183018] clocksource: tsc: mask: 0xffffffffffffffff max_cycles: 0x2f755009500, max_idle_ns: 440795335221 ns
[    2.301012] e1000 0000:00:03.0 eth0: (PCI:33MHz:32-bit) 02:62:a9:91:21:9f
[    2.333064] e1000 0000:00:03.0 eth0: Intel(R) PRO/1000 Network Connection
[    2.335262] mptbase: ioc0: Initiating bringup
[    2.337312] e1000 0000:00:03.0 enp0s3: renamed from eth0
[    2.436328] ioc0: LSI53C1030 A0: Capabilities={Initiator}
[    2.698692] scsi host2: ioc0: LSI53C1030 A0, FwRev=00000000h, Ports=1, MaxQ=256, IRQ=20
[    2.868776] scsi 2:0:0:0: Direct-Access     VBOX     HARDDISK         1.0  PQ: 0 ANSI: 5
[    2.900625] scsi target2:0:0: Beginning Domain Validation
[    2.948067] scsi target2:0:0: Domain Validation skipping write tests
[    2.949159] scsi target2:0:0: Ending Domain Validation
[    2.950268] scsi target2:0:0: asynchronous
[    2.954918] scsi 2:0:1:0: Direct-Access     VBOX     HARDDISK         1.0  PQ: 0 ANSI: 5
[    2.988663] scsi target2:0:1: Beginning Domain Validation
[    2.998223] random: fast init done
[    3.203983] scsi target2:0:1: Domain Validation skipping write tests
[    3.205439] scsi target2:0:1: Ending Domain Validation
[    3.215339] scsi target2:0:1: asynchronous
[    3.222000] random: systemd-udevd: uninitialized urandom read (16 bytes read)
[    3.222009] sd 2:0:0:0: Attached scsi generic sg0 type 0
[    3.222353] sd 2:0:1:0: Attached scsi generic sg1 type 0
[    3.235005] sd 2:0:0:0: [sda] 20971520 512-byte logical blocks: (10.7 GB/10.0 GiB)
[    3.235023] sd 2:0:1:0: [sdb] 20480 512-byte logical blocks: (10.5 MB/10.0 MiB)
[    3.237038] sd 2:0:1:0: [sdb] Write Protect is off
[    3.237111] random: systemd-udevd: uninitialized urandom read (16 bytes read)
[    3.237119] random: systemd-udevd: uninitialized urandom read (16 bytes read)
[    3.240980] sd 2:0:1:0: [sdb] Incomplete mode parameter data
[    3.240982] sd 2:0:1:0: [sdb] Assuming drive cache: write through
[    3.247185] sd 2:0:0:0: [sda] Write Protect is off
[    3.248651] sd 2:0:0:0: [sda] Incomplete mode parameter data
[    3.259287] sd 2:0:0:0: [sda] Assuming drive cache: write through
[    3.352428]  sda: sda1
[    3.698942] sd 2:0:0:0: [sda] Attached SCSI disk
[    3.703409] sd 2:0:1:0: [sdb] Attached SCSI disk
Begin: Loading essential drivers ... [    5.300254] raid6: sse2x1   gen()  8982 MB/s
[    5.356014] raid6: sse2x1   xor()  5243 MB/s
[    5.408756] raid6: sse2x2   gen() 10816 MB/s
[    5.456665] raid6: sse2x2   xor()  7087 MB/s
[    5.505534] raid6: sse2x4   gen() 13259 MB/s
[    5.552509] raid6: sse2x4   xor()  7655 MB/s
[    5.553558] raid6: using algorithm sse2x4 gen() 13259 MB/s
[    5.568416] raid6: .... xor() 7655 MB/s, rmw enabled
[    5.614322] raid6: using ssse3x2 recovery algorithm
[    5.664154] xor: automatically using best checksumming function   avx       
[    5.668662] async_tx: api initialized (async)
done.
Begin: Running /scripts/init-premount ... done.
Begin: Mounting root file system ... Begin: Running /scripts/local-top ... done.
Begin: Running /scripts/local-premount ... [    5.753155] Btrfs loaded, crc32c=crc32c-intel
Scanning for Btrfs filesystems
done.
Warning: fsck not present, so skipping root file system
[    5.835281] EXT4-fs (sda1): mounted filesystem with ordered data mode. Opts: (null)
done.
Begin: Running /scripts/local-bottom ... done.
Begin: Running /scripts/init-bottom ... done.
[    6.935347] ip_tables: (C) 2000-2006 Netfilter Core Team
[    7.337866] systemd[1]: systemd 237 running in system mode. (+PAM +AUDIT +SELINUX +IMA +APPARMOR +SMACK +SYSVINIT +UTMP +LIBCRYPTSETUP +GCRYPT +GNUTLS +ACL +XZ +LZ4 +SECCOMP +BLKID +ELFUTILS +KMOD -IDN2 +IDN -PCRE2 default-hierarchy=hybrid)
[    7.792477] systemd[1]: Detected virtualization oracle.
[    7.816516] systemd[1]: Detected architecture x86-64.

Welcome to [1mUbuntu 18.04.1 LTS[0m!

[    7.850750] systemd[1]: Set hostname to <ubuntu-bionic>.
[    8.830583] random: crng init done
[    8.831463] random: 7 urandom warning(s) missed due to ratelimiting
[    9.805060] systemd[1]: Created slice System Slice.
[[0;32m  OK  [0m] Created slice System Slice.
[    9.843453] systemd[1]: Listening on /dev/initctl Compatibility Named Pipe.
[[0;32m  OK  [0m] Listening on /dev/initctl Compatibility Named Pipe.
[    9.853363] systemd[1]: Listening on Syslog Socket.
[[0;32m  OK  [0m] Listening on Syslog Socket.
[    9.862473] systemd[1]: Set up automount Arbitrary Executable File Formats File System Automount Point.
[[0;32m  OK  [0m] Set up automount Arbitrary Executab…rmats File System Automount Point.
[    9.869600] systemd[1]: Created slice system-serial\x2dgetty.slice.
[[0;32m  OK  [0m] Created slice system-serial\x2dgetty.slice.
[    9.885720] systemd[1]: Listening on udev Kernel Socket.
[[0;32m  OK  [0m] Listening on udev Kernel Socket.
[[0;32m  OK  [0m] Reached target System Time Synchronized.
[[0;32m  OK  [0m] Started Forward Password Requests to Wall Directory Watch.
[[0;32m  OK  [0m] Listening on LVM2 poll daemon socket.
[[0;32m  OK  [0m] Created slice User and Session Slice.
[[0;32m  OK  [0m] Reached target Slices.
[[0;32m  OK  [0m] Listening on Device-mapper event daemon FIFOs.
[[0;32m  OK  [0m] Listening on Network Service Netlink Socket.
[[0;32m  OK  [0m] Reached target User and Group Name Lookups.
[[0;32m  OK  [0m] Listening on Journal Socket.
         Mounting POSIX Message Queue File System...
         Starting Set the console keyboard layout...
         Starting Create list of required st…ce nodes for the current kernel...
         Starting Remount Root and Kernel File Systems...
         Mounting Huge Pages File System...
         Starting Load Kernel Modules...
         Mounting Kernel Debug File System...
[[0;32m  OK  [0m] Reached target Swap.
[[0;32m  OK  [0m] Listening on Journal Audit Socket.
         Starting Uncomplicated firewall...
[[0;32m  OK  [0m] Listening on udev Control Socket.
         Starting udev Coldplug all Devices...
[[0;32m  OK  [0m] Listening on Journal Socket (/dev/log).
         Starting Journal Service...
[[0;32m  OK  [0m] Listening on LVM2 metadata daemon socket.
         Starting Monitoring of LVM2 mirrors…ng dmeventd or progress polling...
[[0;32m  OK  [0m] Started Create list of required sta…vice nodes for the current kernel.
[[0;32m  OK  [0m] Started Uncomplicated firewall.
         Starting Create Static Device Nodes in /dev...
[   10.649105] Loading iSCSI transport class v2.0-870.
[   10.676247] iscsi: registered transport (tcp)
[[0;32m  OK  [0m] Started udev Coldplug all Devices.
[[0;32m  OK  [0m] Mounted POSIX Message Queue File System.
[[0;32m  OK  [0m] Mounted Huge Pages File System.
[[0;32m  OK  [0m] Mounted Kernel Debug File System.
[[0;32m  OK  [0m] Started Journal Service.
[   10.987340] iscsi: registered transport (iser)
[   11.009095] EXT4-fs (sda1): re-mounted. Opts: (null)
[[0;32m  OK  [0m] Started Load Kernel Modules.
         Mounting FUSE Control File System...
         Starting Apply Kernel Variables...
         Mounting Kernel Configuration File System...
[[0;32m  OK  [0m] Started Remount Root and Kernel File Systems.
[[0;32m  OK  [0m] Mounted FUSE Control File System.
         Starting Load/Save Random Seed...
         Starting Initial cloud-init job (pre-networking)...
         Starting Flush Journal to Persistent Storage...
[[0;32m  OK  [0m] Started Set the console keyboard layout.
[[0;32m  OK  [0m] Started Create Static Device Nodes in /dev.
[[0;32m  OK  [0m] Started Apply Kernel Variables.
[[0;32m  OK  [0m] Mounted Kernel Configuration File System.
[[0;32m  OK  [0m] Started Load/Save Random Seed.
[[0;32m  OK  [0m] Started LVM2 metadata daemon.
         Starting udev Kernel Device Manager...
[[0;32m  OK  [0m] Started udev Kernel Device Manager.
[[0;32m  OK  [0m] Started Dispatch Password Requests to Console Directory Watch.
[[0;32m  OK  [0m] Reached target Local Encrypted Volumes.
[[0;32m  OK  [0m] Started Monitoring of LVM2 mirrors,…sing dmeventd or progress polling.
[[0;32m  OK  [0m] Reached target Local File Systems (Pre).
[[0;32m  OK  [0m] Reached target Local File Systems.
         Starting Tell Plymouth To Write Out Runtime Data...
         Starting AppArmor initialization...
         Starting Set console font and keymap...
         Starting ebtables ruleset management...
[[0;32m  OK  [0m] Started Tell Plymouth To Write Out Runtime Data.
[[0;32m  OK  [0m] Started Set console font and keymap.
[[0;32m  OK  [0m] Found device /dev/ttyS0.
[[0;32m  OK  [0m] Listening on Load/Save RF Kill Switch Status /dev/rfkill Watch.
[[0;32m  OK  [0m] Started ebtables ruleset management.
[[0;32m  OK  [0m] Started Flush Journal to Persistent Storage.
         Starting Create Volatile Files and Directories...
[[0;32m  OK  [0m] Started Create Volatile Files and Directories.
         Starting Update UTMP about System Boot/Shutdown...
[[0;32m  OK  [0m] Started Update UTMP about System Boot/Shutdown.
[[0;32m  OK  [0m] Started AppArmor initialization.
[   18.683584] cloud-init[407]: Cloud-init v. 18.4-0ubuntu1~18.04.1 running 'init-local' at Thu, 06 Dec 2018 13:29:48 +0000. Up 18.19 seconds.
[[0;32m  OK  [0m] Started Initial cloud-init job (pre-networking).
[[0;32m  OK  [0m] Reached target Network (Pre).
         Starting Network Service...
[[0;32m  OK  [0m] Started Network Service.
         Starting Wait for Network to be Configured...
         Starting Network Name Resolution...
[[0;32m  OK  [0m] Started Network Name Resolution.
[[0;32m  OK  [0m] Reached target Host and Network Name Lookups.
[[0;32m  OK  [0m] Reached target Network.
[[0;32m  OK  [0m] Started Wait for Network to be Configured.
         Starting Initial cloud-init job (metadata service crawler)...
[   20.891920] cloud-init[655]: Cloud-init v. 18.4-0ubuntu1~18.04.1 running 'init' at Thu, 06 Dec 2018 13:29:50 +0000. Up 20.64 seconds.
[   20.915203] cloud-init[655]: ci-info: ++++++++++++++++++++++++++++++++++++++Net device info++++++++++++++++++++++++++++++++++++++
[   20.917264] cloud-init[655]: ci-info: +--------+------+----------------------------+---------------+--------+-------------------+
[   20.925656] cloud-init[655]: ci-info: | Device |  Up  |          Address           |      Mask     | Scope  |     Hw-Address    |
[   20.928749] cloud-init[655]: ci-info: +--------+------+----------------------------+---------------+--------+-------------------+
[   20.969982] cloud-init[655]: ci-info: | enp0s3 | True |         10.0.2.15          | 255.255.255.0 | global | 02:62:a9:91:21:9f |
[   20.978358] cloud-init[655]: ci-info: | enp0s3 | True | fe80::62:a9ff:fe91:219f/64 |       .       |  link  | 02:62:a9:91:21:9f |
[   20.980225] cloud-init[655]: ci-info: |   lo   | True |         127.0.0.1          |   255.0.0.0   |  host  |         .         |
[   21.003188] cloud-init[655]: ci-info: |   lo   | True |          ::1/128           |       .       |  host  |         .         |
[   21.031790] cloud-init[655]: ci-info: +--------+------+----------------------------+---------------+--------+-------------------+
[   21.124545] cloud-init[655]: ci-info: ++++++++++++++++++++++++++++Route IPv4 info+++++++++++++++++++++++++++++
[   21.167391] cloud-init[655]: ci-info: +-------+-------------+----------+-----------------+-----------+-------+
[   21.169326] cloud-init[655]: ci-info: | Route | Destination | Gateway  |     Genmask     | Interface | Flags |
[   21.204722] cloud-init[655]: ci-info: +-------+-------------+----------+-----------------+-----------+-------+
[   21.220143] cloud-init[655]: ci-info: |   0   |   0.0.0.0   | 10.0.2.2 |     0.0.0.0     |   enp0s3  |   UG  |
[   21.257721] cloud-init[655]: ci-info: |   1   |   10.0.2.0  | 0.0.0.0  |  255.255.255.0  |   enp0s3  |   U   |
[   21.264364] cloud-init[655]: ci-info: |   2   |   10.0.2.2  | 0.0.0.0  | 255.255.255.255 |   enp0s3  |   UH  |
[   21.287106] cloud-init[655]: ci-info: +-------+-------------+----------+-----------------+-----------+-------+
[   21.330065] cloud-init[655]: ci-info: +++++++++++++++++++Route IPv6 info+++++++++++++++++++
[   21.331934] cloud-init[655]: ci-info: +-------+-------------+---------+-----------+-------+
[   21.346661] cloud-init[655]: ci-info: | Route | Destination | Gateway | Interface | Flags |
[   21.348395] cloud-init[655]: ci-info: +-------+-------------+---------+-----------+-------+
[   21.352122] cloud-init[655]: ci-info: |   1   |  fe80::/64  |    ::   |   enp0s3  |   U   |
[[0;32m  OK  [0m] Started Initial cloud-init job (metadata service crawler).
[   21.371179] cloud-init[655]: ci-info: |   3   |    local    |    ::   |   enp0s3  |   U   |
[   21.397882] cloud-init[655]: ci-info: |   4   |   ff00::/8  |    ::   |   enp0s3  |   U   |[[0;32m  OK  [0m] Reached target System Initialization.

[   21.403243] cloud-init[655]: ci-info: +-------+-------------+---------+-----------+-------+
[[0;32m  OK  [0m] Started ACPI Events Check.
[[0;32m  OK  [0m] Started Daily apt download activities.
[[0;32m  OK  [0m] Started Daily apt upgrade and clean activities.
[[0;32m  OK  [0m] Listening on Open-iSCSI iscsid Socket.
[[0;32m  OK  [0m] Started Message of the Day.
[[0;32m  OK  [0m] Reached target Paths.
         Starting Socket activation for snappy daemon.
         Starting LXD - unix socket.
[[0;32m  OK  [0m] Listening on ACPID Listen Socket.
[[0;32m  OK  [0m] Started Discard unused blocks once a week.
[[0;32m  OK  [0m] Listening on D-Bus System Message Bus Socket.
[[0;32m  OK  [0m] Started Daily Cleanup of Temporary Directories.
[[0;32m  OK  [0m] Reached target Timers.
[[0;32m  OK  [0m] Listening on UUID daemon activation socket.
[[0;32m  OK  [0m] Reached target Network is Online.
[[0;32m  OK  [0m] Reached target Remote File Systems (Pre).
[[0;32m  OK  [0m] Reached target Remote File Systems.
         Starting Availability of block devices...
[[0;32m  OK  [0m] Reached target Cloud-config availability.
[[0;32m  OK  [0m] Listening on Socket activation for snappy daemon.
[[0;32m  OK  [0m] Listening on LXD - unix socket.
[[0;32m  OK  [0m] Started Availability of block devices.
[[0;32m  OK  [0m] Reached target Sockets.
[[0;32m  OK  [0m] Reached target Basic System.
         Starting Virtualbox guest utils...
[[0;32m  OK  [0m] Started Unattended Upgrades Shutdown.
         Starting OpenBSD Secure Shell server...
         Starting Permit User Sessions...
         Starting Accounts Service...
[[0;32m  OK  [0m] Started D-Bus System Message Bus.
         Starting LSB: Record successful boot for GRUB...
[[0;32m  OK  [0m] Started irqbalance daemon.
         Starting LSB: automatic crash report generation...
         Starting System Logging Service...
         Starting Dispatcher daemon for systemd-networkd...
         Starting Login Service...
[[0;32m  OK  [0m] Started Deferred execution scheduler.
[[0;32m  OK  [0m] Started Regular background program processing daemon.
         Starting LXD - container startup/shutdown...
[[0;32m  OK  [0m] Started FUSE filesystem for LXC.
         Starting Snappy daemon...
[[0;32m  OK  [0m] Started Permit User Sessions.
[[0;32m  OK  [0m] Started Login Service.
         Starting Authorization Manager...
         Starting Terminate Plymouth Boot Screen...
         Starting Hold until boot process finishes up...
[[0;32m  OK  [0m] Started Hold until boot process finishes up.
         Starting Set console scheme...
[[0;32m  OK  [0m] Started Serial Getty on ttyS0.
[[0;32m  OK  [0m] Started Terminate Plymouth Boot Screen.
[[0;32m  OK  [0m] Started Set console scheme.
[[0;32m  OK  [0m] Started Dispatcher daemon for systemd-networkd.
[[0;32m  OK  [0m] Created slice system-getty.slice.
[[0;32m  OK  [0m] Started Getty on tty1.
[[0;32m  OK  [0m] Reached target Login Prompts.
[[0;32m  OK  [0m] Started System Logging Service.
[[0;32m  OK  [0m] Started Authorization Manager.
[[0;32m  OK  [0m] Started Accounts Service.
[[0;32m  OK  [0m] Started LSB: automatic crash report generation.
[[0;32m  OK  [0m] Started LSB: Record successful boot for GRUB.
[[0;32m  OK  [0m] Started OpenBSD Secure Shell server.
[[0;32m  OK  [0m] Started Virtualbox guest utils.
[[0;32m  OK  [0m] Started Snappy daemon.
         Starting Wait until snapd is fully seeded...
[[0;32m  OK  [0m] Started Wait until snapd is fully seeded.
         Starting Apply the settings specified in cloud-config...
[[0;32m  OK  [0m] Started LXD - container startup/shutdown.
[[0;32m  OK  [0m] Reached target Multi-User System.
[[0;32m  OK  [0m] Reached target Graphical Interface.
         Starting Update UTMP about System Runlevel Changes...
[[0;32m  OK  [0m] Started Update UTMP about System Runlevel Changes.
[   26.612897] cloud-init[1126]: Cloud-init v. 18.4-0ubuntu1~18.04.1 running 'modules:config' at Thu, 06 Dec 2018 13:29:56 +0000. Up 26.33 seconds.
[[0;32m  OK  [0m] Started Apply the settings specified in cloud-config.
         Starting Execute cloud user/final scripts...
[[0;32m  OK  [0m] Created slice User Slice of vagrant.
         Starting User Manager for UID 1000...
[[0;32m  OK  [0m] Started Session 1 of user vagrant.
[[0;32m  OK  [0m] Started User Manager for UID 1000.
[   27.615522] cloud-init[1192]: Cloud-init v. 18.4-0ubuntu1~18.04.1 running 'modules:final' at Thu, 06 Dec 2018 13:29:57 +0000. Up 27.38 seconds.
[   27.639243] cloud-init[1192]: Cloud-init v. 18.4-0ubuntu1~18.04.1 finished at Thu, 06 Dec 2018 13:29:57 +0000. Datasource DataSourceNoCloud [seed=/dev/sdb][dsmode=net].  Up 27.60 seconds
[[0;32m  OK  [0m] Started Execute cloud user/final scripts.
         Starting Daily apt download activities...
[[0;32m  OK  [0m] Reached target Cloud-init target.

Ubuntu 18.04.1 LTS ubuntu-bionic ttyS0

ubuntu-bionic login: 